<?xml version="1.0" encoding="UTF-8"?>
<testng-results ignored="0" total="1" passed="1" failed="0" skipped="0">
  <reporter-output>
  </reporter-output>
  <suite started-at="2022-07-24T13:00:10 IST" name="Default suite" finished-at="2022-07-24T13:02:05 IST" duration-ms="114582">
    <groups>
    </groups>
    <test started-at="2022-07-24T13:00:10 IST" name="Default test" finished-at="2022-07-24T13:02:05 IST" duration-ms="114582">
      <class name="com.selenium.webobject.Code_For_Screenshot_10">
        <test-method is-config="true" signature="beforeTest()[pri:0, instance:com.selenium.webobject.Code_For_Screenshot_10@5ba3f27a]" started-at="2022-07-24T13:00:10 IST" name="beforeTest" finished-at="2022-07-24T13:01:46 IST" duration-ms="95309" status="PASS">
          <reporter-output>
          </reporter-output>
        </test-method> <!-- beforeTest -->
        <test-method signature="Code_For_Screenshot()[pri:0, instance:com.selenium.webobject.Code_For_Screenshot_10@5ba3f27a]" started-at="2022-07-24T13:01:46 IST" name="Code_For_Screenshot" finished-at="2022-07-24T13:02:02 IST" duration-ms="15884" status="PASS">
          <reporter-output>
          </reporter-output>
        </test-method> <!-- Code_For_Screenshot -->
        <test-method is-config="true" signature="afterTest()[pri:0, instance:com.selenium.webobject.Code_For_Screenshot_10@5ba3f27a]" started-at="2022-07-24T13:02:02 IST" name="afterTest" finished-at="2022-07-24T13:02:05 IST" duration-ms="3080" status="PASS">
          <reporter-output>
          </reporter-output>
        </test-method> <!-- afterTest -->
      </class> <!-- com.selenium.webobject.Code_For_Screenshot_10 -->
    </test> <!-- Default test -->
  </suite> <!-- Default suite -->
</testng-results>
